Arguments: 
  C:\Program Files\nodejs\node.exe C:\Users\user\AppData\Roaming\npm\node_modules\yarn\bin\yarn.js add canon.js

PATH: 
  C:\Users\user\bin;C:\Program Files\Git\mingw64\bin;C:\Program Files\Git\usr\local\bin;C:\Program Files\Git\usr\bin;C:\Program Files\Git\usr\bin;C:\Program Files\Git\mingw64\bin;C:\Program Files\Git\usr\bin;C:\Users\user\bin;C:\WINDOWS\system32;C:\WINDOWS;C:\WINDOWS\System32\Wbem;C:\WINDOWS\System32\WindowsPowerShell\v1.0;C:\WINDOWS\System32\OpenSSH;C:\Program Files\Git\cmd;C:\Users\user\AppData\Roaming\nvm;C:\Program Files\nodejs;C:\ngrok;C:\Users\user\AppData\Local\Microsoft\WindowsApps;C:\Users\user\AppData\Local\Programs\Microsoft VS Code\bin;C:\Program Files (x86)\heroku\bin;C:\Users\user\AppData\Roaming\npm;C:\Users\user\AppData\Roaming\nvm;C:\Program Files\nodejs;C:\Program Files\Git\usr\bin\vendor_perl;C:\Program Files\Git\usr\bin\core_perl

Yarn version: 
  1.22.19

Node version: 
  20.11.0

Platform: 
  win32 x64

Trace: 
  Error: EPERM: operation not permitted, unlink 'D:\Web Development\threeJS\simonprojects\simonNew\node_modules\@rollup\rollup-win32-x64-msvc\rollup.win32-x64-msvc.node'

npm manifest: 
  {
    "scripts": {
      "build": "vite build"
    },
    "dependencies": {
      "dat.gui": "^0.7.9",
      "gsap": "^3.5.1",
      "lil-gui": "^0.19.2",
      "three": "^0.164.1"
    },
    "devDependencies": {
      "vite": "^5.2.11"
    }
  }

yarn manifest: 
  No manifest

Lockfile: 
  No lockfile
